<?xml version="1.0" encoding="UTF-8"?>
<testng-results ignored="0" total="3" passed="2" failed="1" skipped="0">
  <reporter-output>
  </reporter-output>
  <suite started-at="2023-01-02T00:07:42 EST" name="Suite" finished-at="2023-01-02T00:08:08 EST" duration-ms="26148">
    <groups>
    </groups>
    <test started-at="2023-01-02T00:07:42 EST" name="Test" finished-at="2023-01-02T00:08:08 EST" duration-ms="26148">
      <class name="com.sauceDemo.TestPackage.TC03_VerifyLogoutFunctionality">
        <test-method is-config="true" signature="LoginFunctionality()[pri:0, instance:com.sauceDemo.TestPackage.TC03_VerifyLogoutFunctionality@2f217633]" started-at="2023-01-02T00:08:02 EST" name="LoginFunctionality" finished-at="2023-01-02T00:08:07 EST" duration-ms="5124" status="PASS">
          <reporter-output>
          </reporter-output>
        </test-method> <!-- LoginFunctionality -->
        <test-method signature="logoutmethod()[pri:0, instance:com.sauceDemo.TestPackage.TC03_VerifyLogoutFunctionality@2f217633]" started-at="2023-01-02T00:08:07 EST" name="logoutmethod" finished-at="2023-01-02T00:08:08 EST" duration-ms="243" status="FAIL">
          <exception class="org.openqa.selenium.ElementNotInteractableException">
            <message>
              <![CDATA[element not interactable
  (Session info: chrome=108.0.5359.125)
Build info: version: '3.141.59', revision: 'e82be7d358', time: '2018-11-14T08:17:03'
System info: host: 'VAIBHAV', ip: '192.168.1.106', os.name: 'Windows 8.1', os.arch: 'amd64', os.version: '6.3', java.version: '17.0.5'
Driver info: org.openqa.selenium.chrome.ChromeDriver
Capabilities {acceptInsecureCerts: false, browserName: chrome, browserVersion: 108.0.5359.125, chrome: {chromedriverVersion: 108.0.5359.71 (1e0e3868ee06..., userDataDir: C:\Users\admin\AppData\Loca...}, goog:chromeOptions: {debuggerAddress: localhost:50201}, javascriptEnabled: true, networkConnectionEnabled: false, pageLoadStrategy: normal, platform: WINDOWS, platformName: WINDOWS, proxy: Proxy(), setWindowRect: true, strictFileInteractability: false, timeouts: {implicit: 0, pageLoad: 300000, script: 30000}, unhandledPromptBehavior: dismiss and notify, webauthn:extension:credBlob: true, webauthn:extension:largeBlob: true, webauthn:virtualAuthenticators: true}
Session ID: b5acfe6cc47e90d734901e9eff98b460]]>
            </message>
            <full-stacktrace>
              <![CDATA[org.openqa.selenium.ElementNotInteractableException: element not interactable
  (Session info: chrome=108.0.5359.125)
Build info: version: '3.141.59', revision: 'e82be7d358', time: '2018-11-14T08:17:03'
System info: host: 'VAIBHAV', ip: '192.168.1.106', os.name: 'Windows 8.1', os.arch: 'amd64', os.version: '6.3', java.version: '17.0.5'
Driver info: org.openqa.selenium.chrome.ChromeDriver
Capabilities {acceptInsecureCerts: false, browserName: chrome, browserVersion: 108.0.5359.125, chrome: {chromedriverVersion: 108.0.5359.71 (1e0e3868ee06..., userDataDir: C:\Users\admin\AppData\Loca...}, goog:chromeOptions: {debuggerAddress: localhost:50201}, javascriptEnabled: true, networkConnectionEnabled: false, pageLoadStrategy: normal, platform: WINDOWS, platformName: WINDOWS, proxy: Proxy(), setWindowRect: true, strictFileInteractability: false, timeouts: {implicit: 0, pageLoad: 300000, script: 30000}, unhandledPromptBehavior: dismiss and notify, webauthn:extension:credBlob: true, webauthn:extension:largeBlob: true, webauthn:virtualAuthenticators: true}
Session ID: b5acfe6cc47e90d734901e9eff98b460
at java.base/jdk.internal.reflect.NativeConstructorAccessorImpl.newInstance0(Native Method)
at java.base/jdk.internal.reflect.NativeConstructorAccessorImpl.newInstance(NativeConstructorAccessorImpl.java:77)
at java.base/jdk.internal.reflect.DelegatingConstructorAccessorImpl.newInstance(DelegatingConstructorAccessorImpl.java:45)
at java.base/java.lang.reflect.Constructor.newInstanceWithCaller(Constructor.java:499)
at java.base/java.lang.reflect.Constructor.newInstance(Constructor.java:480)
at org.openqa.selenium.remote.http.W3CHttpResponseCodec.createException(W3CHttpResponseCodec.java:187)
at org.openqa.selenium.remote.http.W3CHttpResponseCodec.decode(W3CHttpResponseCodec.java:122)
at org.openqa.selenium.remote.http.W3CHttpResponseCodec.decode(W3CHttpResponseCodec.java:49)
at org.openqa.selenium.remote.HttpCommandExecutor.execute(HttpCommandExecutor.java:158)
at org.openqa.selenium.remote.service.DriverCommandExecutor.execute(DriverCommandExecutor.java:83)
at org.openqa.selenium.remote.RemoteWebDriver.execute(RemoteWebDriver.java:552)
at org.openqa.selenium.remote.RemoteWebElement.execute(RemoteWebElement.java:285)
at org.openqa.selenium.remote.RemoteWebElement.click(RemoteWebElement.java:84)
at java.base/jdk.internal.reflect.NativeMethodAccessorImpl.invoke0(Native Method)
at java.base/jdk.internal.reflect.NativeMethodAccessorImpl.invoke(NativeMethodAccessorImpl.java:77)
at java.base/jdk.internal.reflect.DelegatingMethodAccessorImpl.invoke(DelegatingMethodAccessorImpl.java:43)
at java.base/java.lang.reflect.Method.invoke(Method.java:568)
at org.openqa.selenium.support.pagefactory.internal.LocatingElementHandler.invoke(LocatingElementHandler.java:51)
at jdk.proxy2/jdk.proxy2.$Proxy13.click(Unknown Source)
at com.sauceDemo.POMPackage.POM_ClassHomepage.logoutBtnMethod(POM_ClassHomepage.java:54)
at com.sauceDemo.TestPackage.TC03_VerifyLogoutFunctionality.logoutmethod(TC03_VerifyLogoutFunctionality.java:23)
at java.base/jdk.internal.reflect.NativeMethodAccessorImpl.invoke0(Native Method)
at java.base/jdk.internal.reflect.NativeMethodAccessorImpl.invoke(NativeMethodAccessorImpl.java:77)
at java.base/jdk.internal.reflect.DelegatingMethodAccessorImpl.invoke(DelegatingMethodAccessorImpl.java:43)
at java.base/java.lang.reflect.Method.invoke(Method.java:568)
at org.testng.internal.MethodInvocationHelper.invokeMethod(MethodInvocationHelper.java:133)
at org.testng.internal.TestInvoker.invokeMethod(TestInvoker.java:598)
at org.testng.internal.TestInvoker.invokeTestMethod(TestInvoker.java:173)
at org.testng.internal.MethodRunner.runInSequence(MethodRunner.java:46)
at org.testng.internal.TestInvoker$MethodInvocationAgent.invoke(TestInvoker.java:824)
at org.testng.internal.TestInvoker.invokeTestMethods(TestInvoker.java:146)
at org.testng.internal.TestMethodWorker.invokeTestMethods(TestMethodWorker.java:146)
at org.testng.internal.TestMethodWorker.run(TestMethodWorker.java:128)
at java.base/java.util.ArrayList.forEach(ArrayList.java:1511)
at org.testng.TestRunner.privateRun(TestRunner.java:794)
at org.testng.TestRunner.run(TestRunner.java:596)
at org.testng.SuiteRunner.runTest(SuiteRunner.java:377)
at org.testng.SuiteRunner.runSequentially(SuiteRunner.java:371)
at org.testng.SuiteRunner.privateRun(SuiteRunner.java:332)
at org.testng.SuiteRunner.run(SuiteRunner.java:276)
at org.testng.SuiteRunnerWorker.runSuite(SuiteRunnerWorker.java:53)
at org.testng.SuiteRunnerWorker.run(SuiteRunnerWorker.java:96)
at org.testng.TestNG.runSuitesSequentially(TestNG.java:1212)
at org.testng.TestNG.runSuitesLocally(TestNG.java:1134)
at org.testng.TestNG.runSuites(TestNG.java:1063)
at org.testng.TestNG.run(TestNG.java:1031)
at org.testng.remote.AbstractRemoteTestNG.run(AbstractRemoteTestNG.java:115)
at org.testng.remote.RemoteTestNG.initAndRun(RemoteTestNG.java:251)
at org.testng.remote.RemoteTestNG.main(RemoteTestNG.java:77)
]]>
            </full-stacktrace>
          </exception> <!-- org.openqa.selenium.ElementNotInteractableException -->
          <reporter-output>
          </reporter-output>
        </test-method> <!-- logoutmethod -->
        <test-method is-config="true" signature="browserclosemtd()[pri:0, instance:com.sauceDemo.TestPackage.TC03_VerifyLogoutFunctionality@2f217633]" started-at="2023-01-02T00:08:08 EST" name="browserclosemtd" finished-at="2023-01-02T00:08:08 EST" duration-ms="360" status="PASS">
          <reporter-output>
          </reporter-output>
        </test-method> <!-- browserclosemtd -->
      </class> <!-- com.sauceDemo.TestPackage.TC03_VerifyLogoutFunctionality -->
      <class name="com.sauceDemo.TestPackage.TC01_VerifyLoginFunactionality">
        <test-method is-config="true" signature="LoginFunctionality()[pri:0, instance:com.sauceDemo.TestPackage.TC01_VerifyLoginFunactionality@7ea9e1e2]" started-at="2023-01-02T00:07:42 EST" name="LoginFunctionality" finished-at="2023-01-02T00:07:51 EST" duration-ms="8934" status="PASS">
          <reporter-output>
          </reporter-output>
        </test-method> <!-- LoginFunctionality -->
        <test-method signature="validationsloginTest()[pri:0, instance:com.sauceDemo.TestPackage.TC01_VerifyLoginFunactionality@7ea9e1e2]" started-at="2023-01-02T00:07:51 EST" name="validationsloginTest" finished-at="2023-01-02T00:07:51 EST" duration-ms="17" status="PASS">
          <reporter-output>
          </reporter-output>
        </test-method> <!-- validationsloginTest -->
        <test-method is-config="true" signature="browserclosemtd()[pri:0, instance:com.sauceDemo.TestPackage.TC01_VerifyLoginFunactionality@7ea9e1e2]" started-at="2023-01-02T00:07:51 EST" name="browserclosemtd" finished-at="2023-01-02T00:07:51 EST" duration-ms="187" status="PASS">
          <reporter-output>
          </reporter-output>
        </test-method> <!-- browserclosemtd -->
      </class> <!-- com.sauceDemo.TestPackage.TC01_VerifyLoginFunactionality -->
      <class name="com.sauceDemo.TestPackage.TC02_VerifyAddToCartFunctionality">
        <test-method is-config="true" signature="LoginFunctionality()[pri:0, instance:com.sauceDemo.TestPackage.TC02_VerifyAddToCartFunctionality@48f278eb]" started-at="2023-01-02T00:07:51 EST" name="LoginFunctionality" finished-at="2023-01-02T00:08:00 EST" duration-ms="9251" status="PASS">
          <reporter-output>
          </reporter-output>
        </test-method> <!-- LoginFunctionality -->
        <test-method signature="allproductmethod()[pri:0, instance:com.sauceDemo.TestPackage.TC02_VerifyAddToCartFunctionality@48f278eb]" started-at="2023-01-02T00:08:00 EST" name="allproductmethod" finished-at="2023-01-02T00:08:01 EST" duration-ms="1088" status="PASS">
          <reporter-output>
          </reporter-output>
        </test-method> <!-- allproductmethod -->
        <test-method is-config="true" signature="browserclosemtd()[pri:0, instance:com.sauceDemo.TestPackage.TC02_VerifyAddToCartFunctionality@48f278eb]" started-at="2023-01-02T00:08:01 EST" name="browserclosemtd" finished-at="2023-01-02T00:08:02 EST" duration-ms="871" status="PASS">
          <reporter-output>
          </reporter-output>
        </test-method> <!-- browserclosemtd -->
      </class> <!-- com.sauceDemo.TestPackage.TC02_VerifyAddToCartFunctionality -->
    </test> <!-- Test -->
  </suite> <!-- Suite -->
</testng-results>
